<?xml version="1.0" encoding="UTF-8"?>
<!-- Generated by org.testng.reporters.JUnitXMLReporter -->
<testsuite ignored="0" hostname="DESKTOP-ABVUPMJ" failures="0" tests="3" name="Default test" time="99.635" errors="0" timestamp="2019-10-08T22:48:33 EDT">
  <testcase classname="TestCases.SignUpPageTest" name="SignUpPageTitleTest" time="0.035"/>
  <testcase classname="TestCases.SignUpPageTest" name="clickCreateAccountTest" time="4.386"/>
  <testcase classname="TestCases.SignUpPageTest" name="clickCreateAccountTest" time="4.11"/>
</testsuite> <!-- Default test -->
